<?xml version="1.0" encoding="UTF-8"?>
<!-- Generated by org.testng.reporters.JUnitReportReporter -->
<testsuite hostname="DESKTOP-MOP20SR" failures="0" tests="6" name="api.test.DDTests" time="5.393" errors="0" timestamp="2022-09-02T19:16:40 BST" skipped="0">
  <testcase classname="api.test.DDTests" name="testPostUser" time="1.896"/>
  <system-out/>
  <testcase classname="api.test.DDTests" name="testPostUser" time="0.680"/>
  <system-out/>
  <testcase classname="api.test.DDTests" name="testPostUser" time="0.713"/>
  <system-out/>
  <testcase classname="api.test.DDTests" name="testDeleteUserByName" time="0.697"/>
  <system-out/>
  <testcase classname="api.test.DDTests" name="testDeleteUserByName" time="0.716"/>
  <system-out/>
  <testcase classname="api.test.DDTests" name="testDeleteUserByName" time="0.691"/>
  <system-out/>
</testsuite> <!-- api.test.DDTests -->
