<?xml version="1.0" encoding="UTF-8"?>
<!-- Generated by org.testng.reporters.JUnitReportReporter -->
<testsuite hostname="DESKTOP-MOP20SR" failures="0" tests="4" name="api.test.UserTests" time="4.932" errors="0" timestamp="2022-09-02T20:32:50 BST" skipped="0">
  <testcase classname="api.test.UserTests" name="test_PostUser" time="2.044"/>
  <system-out/>
  <testcase classname="api.test.UserTests" name="test_getUserByName" time="0.742"/>
  <system-out/>
  <testcase classname="api.test.UserTests" name="test_updateUserByName" time="1.431"/>
  <system-out/>
  <testcase classname="api.test.UserTests" name="test_deleteUserByName" time="0.715"/>
  <system-out/>
</testsuite> <!-- api.test.UserTests -->
