<?xml version="1.0" encoding="UTF-8"?>
<!-- Generated by org.testng.reporters.JUnitReportReporter -->
<testsuite hostname="DESKTOP-MOP20SR" failures="0" tests="4" name="api.test.UserTests2" time="4.818" errors="0" timestamp="2022-09-03T12:44:16 BST" skipped="0">
  <testcase classname="api.test.UserTests2" name="test_PostUser" time="2.024"/>
  <system-out/>
  <testcase classname="api.test.UserTests2" name="test_getUserByName" time="0.756"/>
  <system-out/>
  <testcase classname="api.test.UserTests2" name="test_updateUserByName" time="1.425"/>
  <system-out/>
  <testcase classname="api.test.UserTests2" name="test_deleteUserByName" time="0.613"/>
  <system-out/>
</testsuite> <!-- api.test.UserTests2 -->
