<?xml version="1.0" encoding="UTF-8"?>
<!-- Generated by org.testng.reporters.JUnitReportReporter -->
<testsuite hostname="DESKTOP-MOP20SR" failures="0" tests="4" name="api.test.UserTests2" time="4.921" errors="0" timestamp="2022-09-03T13:47:24 BST" skipped="0">
  <testcase classname="api.test.UserTests2" name="test_PostUser" time="2.132"/>
  <system-out/>
  <testcase classname="api.test.UserTests2" name="test_getUserByName" time="0.843"/>
  <system-out/>
  <testcase classname="api.test.UserTests2" name="test_updateUserByName" time="1.334"/>
  <system-out/>
  <testcase classname="api.test.UserTests2" name="test_deleteUserByName" time="0.612"/>
  <system-out/>
</testsuite> <!-- api.test.UserTests2 -->
